2022-06-27 10:10:31.797 [main] INFO  org.eclipse.jetty.util.log - Logging initialized @7947ms to org.eclipse.jetty.util.log.Slf4jLog
2022-06-27 10:10:32.015 [main] INFO  i.d.server.DefaultServerFactory - Registering jersey handler with root path prefix: /
2022-06-27 10:10:32.020 [main] INFO  i.d.server.DefaultServerFactory - Registering admin handler with root path prefix: /
2022-06-27 10:10:32.712 [main] INFO  io.dropwizard.assets.AssetsBundle - Registering AssetBundle with name: assets for path /maps/*
2022-06-27 10:10:32.722 [main] INFO  io.dropwizard.assets.AssetsBundle - Registering AssetBundle with name: webjars for path /webjars/*
2022-06-27 10:10:32.739 [main] INFO  io.dropwizard.server.ServerFactory - Starting GraphHopperApplication
                        _     _
   __ _ _ __ __ _ _ __ | |__ | |__   ___  _ __  _ __   ___ _ __
  / _` | '__/ _` | '_ \| '_ \| '_ \ / _ \| '_ \| '_ \ / _ \ '__|
 | (_| | | | (_| | |_) | | | | | | | (_) | |_) | |_) |  __/ |
  \__, |_|  \__,_| .__/|_| |_|_| |_|\___/| .__/| .__/ \___|_|
  |___/          |_|                     |_|   |_|
2022-06-27 10:10:33.096 [main] INFO  o.e.jetty.setuid.SetUIDListener - Opened application@45f421c{HTTP/1.1, (http/1.1)}{localhost:8989}
2022-06-27 10:10:33.096 [main] INFO  o.e.jetty.setuid.SetUIDListener - Opened admin@1816e24a{HTTP/1.1, (http/1.1)}{localhost:8990}
2022-06-27 10:10:33.101 [main] INFO  org.eclipse.jetty.server.Server - jetty-9.4.39.v20210325; built: 2021-03-25T14:42:11.471Z; git: 9fc7ca5a922f2a37b84ec9dbc26a5168cee7e667; jvm 11.0.15+10-Ubuntu-0ubuntu0.22.04.1
2022-06-27 10:10:33.167 [main] INFO  com.graphhopper.GraphHopper - version 5.3|2022-04-29T07:11:24Z (9,21,6,5,6,8)
2022-06-27 10:10:33.183 [main] INFO  com.graphhopper.GraphHopper - graph car,bike|RAM_STORE|2D|no_turn_cost|nodes:9,edges:21,geometry:6,location_index:5,string_index:6,nodesCH:0,shortcuts:8, details:edges: 0(0MB), nodes: 0(0MB), bounds: 1.7976931348623157E308,-1.7976931348623157E308,1.7976931348623157E308,-1.7976931348623157E308, name:(0MB), geo:0(0MB)
2022-06-27 10:10:33.824 [main] INFO  com.graphhopper.GraphHopper - No custom areas are used, custom_areas.directory not given
2022-06-27 10:10:33.895 [main] INFO  com.graphhopper.GraphHopper - start creating graph from rhone-alpes-latest.osm.pbf
2022-06-27 10:10:33.933 [main] INFO  com.graphhopper.GraphHopper - using car,bike|RAM_STORE|2D|no_turn_cost|nodes:9,edges:21,geometry:6,location_index:5,string_index:6,nodesCH:0,shortcuts:8, memory:totalMB:60, usedMB:22
2022-06-27 10:10:33.966 [main] INFO  c.g.reader.osm.WaySegmentParser - Start reading OSM file: 'rhone-alpes-latest.osm.pbf'
2022-06-27 10:10:33.979 [main] INFO  c.g.reader.osm.WaySegmentParser - pass1 - start
